../Makefile.inc:17: This test (Persei) will build/run, but the result is ignored because it's a known failure
Building Persei
Cloning https://github.com/Yalantis/Persei into ./repository...
Successfully checked out 561a2f181a2a6ae8c16012facfe48c4996f7dbe3 for https://github.com/Yalantis/Persei in ./repository.
[XCODEBUILD/iphoneos] Persei
[XCODEBUILD/iphonesimulator] Persei
[GEN]  Persei.framework
[SWIFT-O-MATIC] Persei

4 warnings and 4 errors

warning SM3000: unexpected error handling __T06Persei16HeaderShadowViewC10layerClassyXlXpfgZ: 
Parameter name: ret, skipping.
warning SM4018: entry __T06Persei16HeaderShadowViewC10layerClassyXlXpfgZ uses an unsupported swift feature, skipping.
warning SM4018: entry __T06Persei16StickyHeaderViewC9handlePan33_FBA31C701A2FC96675447D93E23EC0E3LLySo22UIPanGestureRecognizerCFTo uses an unsupported swift feature, skipping.
warning SM4018: entry __T0So12UIScrollViewC6PerseiE21effectiveContentInsetSC12UIEdgeInsetsVfm uses an unsupported swift feature, skipping.
error SM0554: Unable to wrap function Persei.xam_sub_MenuView.willMove, require a normal instance method not a partially applicable function.
error SM0554: Function Persei.xam_sub_StickyHeaderView.get_contentHeight has an unknown return type CoreGraphics.CGFloat
error SM0554: /work/swift-o-matic/maccore2/tools/tom-swifty/SwiftToolchain-v2-aa3159e3c2395b3f62136e16beed3b4d965f8498/build/Ninja-ReleaseAssert/swift-macosx-x86_64/bin/swiftc -emit-library -target i386-apple-ios10.3 -sdk /Applications/Xcode92.app/Contents/Developer/Platforms/iPhoneSimulator.platform/Developer/SDKs/iPhoneSimulator11.2.sdk -I /var/folders/3d/m3cj039j7yg55lj4hrmfk9nw0000gn/T/6ea7ae4f-88ff-4c97-a3d0-eb6d9747b488 -I /var/folders/3d/m3cj039j7yg55lj4hrmfk9nw0000gn/T/ba98a82f-6b88-4fd7-9f96-8c555cee762c -F /work/swift-o-matic/maccore2/tools/tom-swifty/tests/3rd-party/Persei/bin -F /work/swift-o-matic/maccore2/tools/tom-swifty/swiftglue/bin/Debug/iphone/FinalProduct -L /work/swift-o-matic/maccore2/tools/tom-swifty/SwiftToolchain-v2-aa3159e3c2395b3f62136e16beed3b4d965f8498/build/Ninja-ReleaseAssert/swift-macosx-x86_64/lib/swift/iphonesimulator -framework Persei -framework XamGlue -emit-module -module-name XamWrapping -Xlinker -rpath -Xlinker @executable_path/Frameworks -Xlinker -rpath -Xlinker @loader_path/Frameworks -Xlinker -rpath -Xlinker @executable_path -Xlinker -rpath -Xlinker @rpath -Xlinker -final_output -Xlinker XamWrapping -Xlinker -install_name -Xlinker @rpath/XamWrapping.framework/XamWrapping Persei-MenuItem.swift Persei-StickyHeaderView-ContentViewGravity.swift Persei-MenuView-Extension0.swift Persei-MenuView-Extension1.swift Persei-UIScrollView-Extension2.swift PerseiFuncs.swift
Persei-StickyHeaderView-ContentViewGravity.swift:8:12: error: use of unresolved identifier 'ContentViewGravity'
    return ContentViewGravity.__derived_enum_equals(a, b);
           ^~~~~~~~~~~~~~~~~~

error SM2000: Failed to wrap module Persei.
make[3]: *** [run-swift-o-matic] Error 1
make[2]: [build] Error 2 (ignored)
