../Makefile.inc:17: This test (Stellar) will build/run, but the result is ignored because it's a known failure
Building Stellar
Cloning https://github.com/AugustRush/Stellar into ./repository...
Successfully checked out abecca78812d3235683fdddf358ba8d5c4421352 for https://github.com/AugustRush/Stellar in ./repository.
[XCODEBUILD/iphoneos] Stellar
[XCODEBUILD/iphonesimulator] Stellar
[GEN]  Stellar.framework
[SWIFT-O-MATIC] Stellar

0 warnings and 17 errors

error SM7001: Swift name 'Self' needs to have a module.
error SM7001: Swift name 'Self' needs to have a module.
error SM7001: Swift name 'Self' needs to have a module.
error SM7001: Swift name 'Self' needs to have a module.
error SM7001: Swift name 'Self' needs to have a module.
error SM7001: Swift name 'Self' needs to have a module.
error SM7001: Swift name 'Self' needs to have a module.
error SM7001: Swift name 'Self' needs to have a module.
error SM7001: Swift name 'Self' needs to have a module.
error SM2009: Unable to find type declaration for type extension on CoreGraphics.CGFloat
error SM2009: Unable to find type declaration for type extension on QuartzCore.CALayer
error SM2009: Unable to find type declaration for type extension on QuartzCore.CALayer
error SM7001: Swift name 'Self' needs to have a module.
error SM7001: Swift name 'Self' needs to have a module.
error SM0554: can't handle closures types bound in generics
error SM0554: /work/swift-o-matic/maccore2/tools/tom-swifty/SwiftToolchain-v2-aa3159e3c2395b3f62136e16beed3b4d965f8498/build/Ninja-ReleaseAssert/swift-macosx-x86_64/bin/swiftc -emit-library -target i386-apple-ios10.3 -sdk /Applications/Xcode92.app/Contents/Developer/Platforms/iPhoneSimulator.platform/Developer/SDKs/iPhoneSimulator11.2.sdk -I /var/folders/3d/m3cj039j7yg55lj4hrmfk9nw0000gn/T/a9bc559d-00d4-4a80-9023-b55815981e63 -I /var/folders/3d/m3cj039j7yg55lj4hrmfk9nw0000gn/T/9958e7e5-2d80-4bcf-b751-ce291f6b751b -F /work/swift-o-matic/maccore2/tools/tom-swifty/tests/3rd-party/Stellar/bin -F /work/swift-o-matic/maccore2/tools/tom-swifty/swiftglue/bin/Debug/iphone/FinalProduct -L /work/swift-o-matic/maccore2/tools/tom-swifty/SwiftToolchain-v2-aa3159e3c2395b3f62136e16beed3b4d965f8498/build/Ninja-ReleaseAssert/swift-macosx-x86_64/lib/swift/iphonesimulator -framework Stellar -framework XamGlue -emit-module -module-name XamWrapping -Xlinker -rpath -Xlinker @executable_path/Frameworks -Xlinker -rpath -Xlinker @loader_path/Frameworks -Xlinker -rpath -Xlinker @executable_path -Xlinker -rpath -Xlinker @rpath -Xlinker -final_output -Xlinker XamWrapping -Xlinker -install_name -Xlinker @rpath/XamWrapping.framework/XamWrapping Stellar-Vector4.swift Stellar-UnitBezier.swift Stellar-TimingFunctionType.swift Stellar-AnimationStyle.swift Stellar-StepControllable.swift Stellar-UnitBezier-Extension3.swift Stellar-UnitBezier-Extension4.swift Stellar-CGSize-Extension5.swift Stellar-UIDynamicItem-Extension6.swift Stellar-UIDynamicBehavior-Extension7.swift Stellar-CGPoint-Extension8.swift Stellar-Float-Extension9.swift Stellar-CGRect-Extension10.swift Stellar-UIView-Extension11.swift Stellar-Double-Extension13.swift StellarFuncs.swift
Stellar-TimingFunctionType.swift:96:56: error: missing argument for parameter #2 in call
    retval.initialize(to: TimingFunctionType.custom(val), count: 
                                                       ^
                                                       , <#Double#>
Stellar.TimingFunctionType:38:10: note: 'custom' declared here
    case custom(Double, Double, Double, Double)
         ^

error SM2000: Failed to wrap module Stellar.
make[3]: *** [run-swift-o-matic] Error 1
make[2]: [build] Error 2 (ignored)
